  Panels.cpp
d:\visualstudioprojects\consolegraphics\consolegraphics\panels.cpp(12): warning C4244: =: преобразование "int" в "float", возможна потеря данных
d:\visualstudioprojects\consolegraphics\consolegraphics\panels.cpp(37): warning C4244: аргумент: преобразование "float" в "T", возможна потеря данных
          with
          [
              T=int
          ]
d:\visualstudioprojects\consolegraphics\consolegraphics\panels.cpp(44): warning C4244: аргумент: преобразование "float" в "T", возможна потеря данных
          with
          [
              T=int
          ]
d:\visualstudioprojects\consolegraphics\consolegraphics\panels.cpp(53): warning C4244: аргумент: преобразование "float" в "T", возможна потеря данных
          with
          [
              T=int
          ]
d:\visualstudioprojects\consolegraphics\consolegraphics\panels.cpp(58): warning C4244: аргумент: преобразование "float" в "T", возможна потеря данных
          with
          [
              T=int
          ]
d:\visualstudioprojects\consolegraphics\consolegraphics\panels.cpp(65): warning C4244: аргумент: преобразование "float" в "T", возможна потеря данных
          with
          [
              T=int
          ]
d:\visualstudioprojects\consolegraphics\consolegraphics\panels.cpp(89): warning C4244: аргумент: преобразование "float" в "unsigned int", возможна потеря данных
d:\visualstudioprojects\consolegraphics\consolegraphics\panels.cpp(139): warning C4244: =: преобразование "T" в "float", возможна потеря данных
          with
          [
              T=unsigned int
          ]
d:\visualstudioprojects\consolegraphics\consolegraphics\panels.cpp(140): warning C4244: =: преобразование "T" в "float", возможна потеря данных
          with
          [
              T=unsigned int
          ]
d:\visualstudioprojects\consolegraphics\consolegraphics\panels.cpp(160): warning C4244: аргумент: преобразование "float" в "T", возможна потеря данных
          with
          [
              T=int
          ]
d:\visualstudioprojects\consolegraphics\consolegraphics\panels.cpp(344): warning C4244: аргумент: преобразование "double" в "int", возможна потеря данных
d:\visualstudioprojects\consolegraphics\consolegraphics\panels.cpp(357): warning C4244: аргумент: преобразование "float" в "int", возможна потеря данных
d:\visualstudioprojects\consolegraphics\consolegraphics\panels.cpp(366): warning C4018: <: несоответствие типов со знаком и без знака
d:\visualstudioprojects\consolegraphics\consolegraphics\panels.cpp(372): warning C4018: <: несоответствие типов со знаком и без знака
d:\visualstudioprojects\consolegraphics\consolegraphics\panels.cpp(382): warning C4018: <: несоответствие типов со знаком и без знака
d:\visualstudioprojects\consolegraphics\consolegraphics\panels.cpp(396): warning C4018: <: несоответствие типов со знаком и без знака
d:\visualstudioprojects\consolegraphics\consolegraphics\panels.cpp(414): warning C4244: аргумент: преобразование "double" в "int", возможна потеря данных
d:\visualstudioprojects\consolegraphics\consolegraphics\panels.cpp(426): warning C4244: аргумент: преобразование "float" в "int", возможна потеря данных
d:\visualstudioprojects\consolegraphics\consolegraphics\panels.cpp(430): warning C4244: аргумент: преобразование "double" в "int", возможна потеря данных
d:\visualstudioprojects\consolegraphics\consolegraphics\panels.cpp(432): warning C4244: =: преобразование "double" в "float", возможна потеря данных
d:\visualstudioprojects\consolegraphics\consolegraphics\panels.cpp(458): warning C4018: <: несоответствие типов со знаком и без знака
d:\visualstudioprojects\consolegraphics\consolegraphics\panels.cpp(465): warning C4018: <: несоответствие типов со знаком и без знака
  main.cpp
d:\visualstudioprojects\consolegraphics\consolegraphics\interface.h(56): warning C4018: <: несоответствие типов со знаком и без знака
d:\visualstudioprojects\consolegraphics\consolegraphics\interface.h(75): warning C4018: <: несоответствие типов со знаком и без знака
d:\visualstudioprojects\consolegraphics\consolegraphics\interface.h(111): warning C4018: <: несоответствие типов со знаком и без знака
d:\visualstudioprojects\consolegraphics\consolegraphics\interface.h(132): warning C4018: <: несоответствие типов со знаком и без знака
d:\visualstudioprojects\consolegraphics\consolegraphics\interface.h(147): warning C4018: <: несоответствие типов со знаком и без знака
d:\visualstudioprojects\consolegraphics\consolegraphics\main.cpp(26): warning C4244: инициализация: преобразование "sf::Int64" в "float", возможна потеря данных
d:\visualstudioprojects\consolegraphics\consolegraphics\main.cpp(31): warning C4018: <: несоответствие типов со знаком и без знака
d:\visualstudioprojects\consolegraphics\consolegraphics\main.cpp(33): warning C4018: <: несоответствие типов со знаком и без знака
d:\visualstudioprojects\consolegraphics\consolegraphics\main.cpp(36): warning C4804: +=: небезопасное использование типа "bool" в операции
  Создание кода...
d:\visualstudioprojects\consolegraphics\consolegraphics\panels.cpp(84): warning C4715: Panel::pressed: значение возвращается не при всех путях выполнения
  ConsoleGraphics.vcxproj -> D:\visualstudioprojects\ConsoleGraphics\Debug\ConsoleGraphics.exe
