d:\code\visualstudioprojects\consolegraphics\consolegraphics\x64\debug\vc141.pdb
d:\code\visualstudioprojects\consolegraphics\consolegraphics\x64\debug\vc141.idb
d:\code\visualstudioprojects\consolegraphics\consolegraphics\x64\debug\main.obj
d:\code\visualstudioprojects\consolegraphics\consolegraphics\x64\debug\panels.obj
d:\code\visualstudioprojects\consolegraphics\x64\debug\consolegraphics.exe
d:\code\visualstudioprojects\consolegraphics\x64\debug\consolegraphics.ilk
d:\code\visualstudioprojects\consolegraphics\x64\debug\consolegraphics.pdb
d:\code\visualstudioprojects\consolegraphics\consolegraphics\x64\debug\consolegraphics.res
d:\code\visualstudioprojects\consolegraphics\consolegraphics\x64\debug\vc142.idb
d:\code\visualstudioprojects\consolegraphics\consolegraphics\x64\debug\vc142.pdb
d:\code\visualstudioprojects\consolegraphics\consolegraphics\x64\debug\consolegraphics.tlog\cl.command.1.tlog
d:\code\visualstudioprojects\consolegraphics\consolegraphics\x64\debug\consolegraphics.tlog\cl.read.1.tlog
d:\code\visualstudioprojects\consolegraphics\consolegraphics\x64\debug\consolegraphics.tlog\cl.write.1.tlog
d:\code\visualstudioprojects\consolegraphics\consolegraphics\x64\debug\consolegraphics.tlog\link.command.1.tlog
d:\code\visualstudioprojects\consolegraphics\consolegraphics\x64\debug\consolegraphics.tlog\link.delete.1.tlog
d:\code\visualstudioprojects\consolegraphics\consolegraphics\x64\debug\consolegraphics.tlog\link.read.1.tlog
d:\code\visualstudioprojects\consolegraphics\consolegraphics\x64\debug\consolegraphics.tlog\link.write.1.tlog
d:\code\visualstudioprojects\consolegraphics\consolegraphics\x64\debug\consolegraphics.tlog\rc.command.1.tlog
d:\code\visualstudioprojects\consolegraphics\consolegraphics\x64\debug\consolegraphics.tlog\rc.read.1.tlog
d:\code\visualstudioprojects\consolegraphics\consolegraphics\x64\debug\consolegraphics.tlog\rc.write.1.tlog
