  main.cpp
d:\code\visualstudioprojects\consolegraphics\consolegraphics\vectors.h(21): warning C4244: аргумент: преобразование "double" в "float", возможна потеря данных
d:\code\visualstudioprojects\consolegraphics\consolegraphics\vectors.h(26): warning C4244: аргумент: преобразование "double" в "float", возможна потеря данных
d:\code\visualstudioprojects\consolegraphics\consolegraphics\vectors.h(70): warning C4244: return: преобразование "double" в "float", возможна потеря данных
d:\code\visualstudioprojects\consolegraphics\consolegraphics\raycasting.h(119): warning C4244: аргумент: преобразование "double" в "float", возможна потеря данных
d:\code\visualstudioprojects\consolegraphics\consolegraphics\raycasting.h(120): warning C4244: аргумент: преобразование "double" в "float", возможна потеря данных
d:\code\visualstudioprojects\consolegraphics\consolegraphics\raycasting.h(202): warning C4244: =: преобразование "float" в "sf::Uint8", возможна потеря данных
d:\code\visualstudioprojects\consolegraphics\consolegraphics\raycasting.h(203): warning C4244: =: преобразование "float" в "sf::Uint8", возможна потеря данных
d:\code\visualstudioprojects\consolegraphics\consolegraphics\raycasting.h(204): warning C4244: =: преобразование "float" в "sf::Uint8", возможна потеря данных
d:\code\visualstudioprojects\consolegraphics\consolegraphics\raycasting.h(207): warning C4244: =: преобразование "const _Ty" в "sf::Uint8", возможна потеря данных
          with
          [
              _Ty=float
          ]
d:\code\visualstudioprojects\consolegraphics\consolegraphics\raycasting.h(208): warning C4244: =: преобразование "const _Ty" в "sf::Uint8", возможна потеря данных
          with
          [
              _Ty=float
          ]
d:\code\visualstudioprojects\consolegraphics\consolegraphics\raycasting.h(209): warning C4244: =: преобразование "const _Ty" в "sf::Uint8", возможна потеря данных
          with
          [
              _Ty=float
          ]
d:\code\visualstudioprojects\consolegraphics\consolegraphics\raycasting.h(213): warning C4244: =: преобразование "float" в "sf::Uint8", возможна потеря данных
d:\code\visualstudioprojects\consolegraphics\consolegraphics\raycasting.h(214): warning C4244: =: преобразование "float" в "sf::Uint8", возможна потеря данных
d:\code\visualstudioprojects\consolegraphics\consolegraphics\raycasting.h(215): warning C4244: =: преобразование "float" в "sf::Uint8", возможна потеря данных
d:\code\visualstudioprojects\consolegraphics\consolegraphics\raycasting.h(218): warning C4244: =: преобразование "const _Ty" в "sf::Uint8", возможна потеря данных
          with
          [
              _Ty=float
          ]
d:\code\visualstudioprojects\consolegraphics\consolegraphics\raycasting.h(219): warning C4244: =: преобразование "const _Ty" в "sf::Uint8", возможна потеря данных
          with
          [
              _Ty=float
          ]
d:\code\visualstudioprojects\consolegraphics\consolegraphics\raycasting.h(220): warning C4244: =: преобразование "const _Ty" в "sf::Uint8", возможна потеря данных
          with
          [
              _Ty=float
          ]
d:\code\visualstudioprojects\consolegraphics\consolegraphics\raycasting.h(255): warning C4244: =: преобразование "double" в "float", возможна потеря данных
d:\code\visualstudioprojects\consolegraphics\consolegraphics\raycasting.h(256): warning C4244: =: преобразование "double" в "float", возможна потеря данных
d:\code\visualstudioprojects\consolegraphics\consolegraphics\raycasting.h(291): warning C4244: =: преобразование "double" в "_Ty", возможна потеря данных
          with
          [
              _Ty=float
          ]
d:\code\visualstudioprojects\consolegraphics\consolegraphics\raycasting.h(307): warning C4244: =: преобразование "double" в "sf::Uint8", возможна потеря данных
d:\code\visualstudioprojects\consolegraphics\consolegraphics\raycasting.h(308): warning C4244: =: преобразование "double" в "sf::Uint8", возможна потеря данных
d:\code\visualstudioprojects\consolegraphics\consolegraphics\raycasting.h(309): warning C4244: =: преобразование "double" в "sf::Uint8", возможна потеря данных
d:\code\visualstudioprojects\consolegraphics\consolegraphics\raycasting.h(314): warning C4244: инициализация: преобразование "double" в "float", возможна потеря данных
d:\code\visualstudioprojects\consolegraphics\consolegraphics\raycasting.h(315): warning C4244: инициализация: преобразование "double" в "float", возможна потеря данных
d:\code\visualstudioprojects\consolegraphics\consolegraphics\raycasting.h(316): warning C4244: инициализация: преобразование "double" в "float", возможна потеря данных
d:\code\visualstudioprojects\consolegraphics\consolegraphics\raycasting.h(328): warning C4244: аргумент: преобразование "double" в "float", возможна потеря данных
d:\code\visualstudioprojects\consolegraphics\consolegraphics\raycasting.h(343): warning C4267: аргумент: преобразование из "size_t" в "int"; возможна потеря данных
d:\code\visualstudioprojects\consolegraphics\consolegraphics\raycasting.h(347): warning C4244: инициализация: преобразование "int" в "float", возможна потеря данных
d:\code\visualstudioprojects\consolegraphics\consolegraphics\raycasting.h(363): warning C4244: +=: преобразование "double" в "float", возможна потеря данных
d:\code\visualstudioprojects\consolegraphics\consolegraphics\raycasting.h(364): warning C4244: +=: преобразование "double" в "float", возможна потеря данных
d:\code\visualstudioprojects\consolegraphics\consolegraphics\raycasting.h(365): warning C4244: +=: преобразование "double" в "float", возможна потеря данных
d:\code\visualstudioprojects\consolegraphics\consolegraphics\raycasting.h(378): warning C4244: аргумент: преобразование "float" в "const unsigned __int64", возможна потеря данных
d:\code\visualstudioprojects\consolegraphics\consolegraphics\raycasting.h(378): warning C4244: аргумент: преобразование "float" в "sf::Uint8", возможна потеря данных
d:\code\visualstudioprojects\consolegraphics\consolegraphics\raycasting.h(411): warning C4244: аргумент: преобразование "float" в "const unsigned __int64", возможна потеря данных
d:\code\visualstudioprojects\consolegraphics\consolegraphics\raycasting.h(412): warning C4267: аргумент: преобразование из "size_t" в "int"; возможна потеря данных
d:\code\visualstudioprojects\consolegraphics\consolegraphics\raycasting.h(418): warning C4244: инициализация: преобразование "double" в "int", возможна потеря данных
d:\code\visualstudioprojects\consolegraphics\consolegraphics\raycasting.h(462): warning C4244: инициализация: преобразование "_Rep" в "float", возможна потеря данных
          with
          [
              _Rep=__int64
          ]
d:\code\visualstudioprojects\consolegraphics\consolegraphics\raycasting.h(463): warning C4244: =: преобразование "double" в "float", возможна потеря данных
d:\code\visualstudioprojects\consolegraphics\consolegraphics\raycasting.h(466): warning C4244: инициализация: преобразование "float" в "int", возможна потеря данных
d:\code\visualstudioprojects\consolegraphics\consolegraphics\raycasting.h(482): warning C4244: аргумент: преобразование "double" в "T", возможна потеря данных
          with
          [
              T=float
          ]
d:\code\visualstudioprojects\consolegraphics\consolegraphics\raycasting.h(497): warning C4244: аргумент: преобразование "float" в "const unsigned __int64", возможна потеря данных
d:\code\visualstudioprojects\consolegraphics\consolegraphics\raycasting.h(498): warning C4244: аргумент: преобразование "float" в "const __int64", возможна потеря данных
d:\code\visualstudioprojects\consolegraphics\consolegraphics\raycasting.h(501): warning C4244: аргумент: преобразование "float" в "const __int64", возможна потеря данных
d:\code\visualstudioprojects\consolegraphics\consolegraphics\consolescreen.h(16): warning C4244: инициализация: преобразование "float" в "int", возможна потеря данных
d:\code\visualstudioprojects\consolegraphics\consolegraphics\consolescreen.h(25): warning C4244: =: преобразование "int" в "float", возможна потеря данных
d:\code\visualstudioprojects\consolegraphics\consolegraphics\consolescreen.h(26): warning C4244: =: преобразование "int" в "float", возможна потеря данных
d:\code\visualstudioprojects\consolegraphics\consolegraphics\consolescreen.h(53): warning C4244: =: преобразование "float" в "int", возможна потеря данных
d:\code\visualstudioprojects\consolegraphics\consolegraphics\consolescreen.h(65): warning C4244: аргумент: преобразование "float" в "const unsigned __int64", возможна потеря данных
d:\code\visualstudioprojects\consolegraphics\consolegraphics\consolescreen.h(66): warning C4244: аргумент: преобразование "float" в "const unsigned __int64", возможна потеря данных
d:\code\visualstudioprojects\consolegraphics\consolegraphics\consolescreen.h(67): warning C4244: аргумент: преобразование "float" в "const unsigned __int64", возможна потеря данных
d:\code\visualstudioprojects\consolegraphics\consolegraphics\interface.h(74): warning C4244: =: преобразование "float" в "int", возможна потеря данных
d:\code\visualstudioprojects\consolegraphics\consolegraphics\interface.h(75): warning C4244: =: преобразование "float" в "int", возможна потеря данных
d:\code\visualstudioprojects\consolegraphics\consolegraphics\interface.h(82): warning C4244: аргумент: преобразование "float" в "sf::Uint8", возможна потеря данных
d:\code\visualstudioprojects\consolegraphics\consolegraphics\interface.h(81): warning C4244: аргумент: преобразование "float" в "sf::Uint8", возможна потеря данных
d:\code\visualstudioprojects\consolegraphics\consolegraphics\interface.h(89): warning C4244: аргумент: преобразование "float" в "sf::Uint8", возможна потеря данных
d:\code\visualstudioprojects\consolegraphics\consolegraphics\interface.h(88): warning C4244: аргумент: преобразование "float" в "sf::Uint8", возможна потеря данных
d:\code\visualstudioprojects\consolegraphics\consolegraphics\interface.h(99): warning C4244: аргумент: преобразование "float" в "sf::Uint8", возможна потеря данных
d:\code\visualstudioprojects\consolegraphics\consolegraphics\interface.h(98): warning C4244: аргумент: преобразование "float" в "sf::Uint8", возможна потеря данных
d:\code\visualstudioprojects\consolegraphics\consolegraphics\interface.h(105): warning C4244: аргумент: преобразование "float" в "sf::Uint8", возможна потеря данных
d:\code\visualstudioprojects\consolegraphics\consolegraphics\interface.h(104): warning C4244: аргумент: преобразование "float" в "sf::Uint8", возможна потеря данных
d:\code\visualstudioprojects\consolegraphics\consolegraphics\interface.h(123): warning C4244: аргумент: преобразование "float" в "unsigned int", возможна потеря данных
d:\code\visualstudioprojects\consolegraphics\consolegraphics\interface.h(137): warning C4244: аргумент: преобразование "float" в "int", возможна потеря данных
d:\code\visualstudioprojects\consolegraphics\consolegraphics\interface.h(158): warning C4244: аргумент: преобразование "float" в "unsigned int", возможна потеря данных
d:\code\visualstudioprojects\consolegraphics\consolegraphics\interface.h(481): warning C4267: инициализация: преобразование из "size_t" в "int"; возможна потеря данных
d:\code\visualstudioprojects\consolegraphics\consolegraphics\main.cpp(27): warning C4244: инициализация: преобразование "sf::Int64" в "float", возможна потеря данных
d:\code\visualstudioprojects\consolegraphics\consolegraphics\main.cpp(39): warning C4804: +=: небезопасное использование типа "bool" в операции
d:\code\visualstudioprojects\consolegraphics\consolegraphics\raycasting.h(82): warning C4715: object::getNormal: значение возвращается не при всех путях выполнения
d:\code\visualstudioprojects\consolegraphics\consolegraphics\raycasting.h(185): warning C4715: object::intersects: значение возвращается не при всех путях выполнения
  ConsoleGraphics.vcxproj -> D:\Code\visualstudioprojects\ConsoleGraphics\x64\Debug\ConsoleGraphics.exe
